<?xml version="1.0" encoding="UTF-8" ?>
<testsuite errors="0" failures="0" hostname="LIARA-9" name="ca.uqac.liara.WebSocketTest" skipped="0" tests="1" time="0.188" timestamp="2016-10-12T20:47:14">
  <properties>
    <property name="build.jdk" value="1.8" />
    <property name="file.encoding.pkg" value="sun.io" />
    <property name="ivy.retrieve.pattern.ivy.instance" value="D:\Workspace\IntelliJ\WebSocketPalette/lib/[artifact]-[revision](-[classifier]).[ext]" />
    <property name="java.vendor.url.ivy.instance" value="http://java.oracle.com/" />
    <property name="ivy.local.default.ivy.pattern.ivy.instance" value="[organisation]/[module]/[revision]/[type]s/[artifact].[ext]" />
    <property name="ivy.project.dir.ivy.instance" value="D:\Workspace\IntelliJ\WebSocketPalette" />
    <property name="ivy.resolve.default.type.filter" value="*" />
    <property name="java.home" value="C:\Program Files\Java\jdk1.8.0_101\jre" />
    <property name="ivy.configurations.ivy.instance" value="*" />
    <property name="ivy.basedir.ivy.instance" value="D:\Workspace\IntelliJ\WebSocketPalette" />
    <property name="ivy.dep.file.ivy.instance" value="ivy.xml" />
    <property name="java.endorsed.dirs" value="C:\Program Files\Java\jdk1.8.0_101\jre\lib\endorsed" />
    <property name="java.class.path.ivy.instance" value="D:\Workspace\apache-ant-1.9.7\bin\..\lib\ant-launcher.jar;C:\Users\Baptiste\.ant\lib\ivy.jar;D:\Workspace\apache-ant-1.9.7\lib\ant-antlr.jar;D:\Workspace\apache-ant-1.9.7\lib\ant-apache-bcel.jar;D:\Workspace\apache-ant-1.9.7\lib\ant-apache-bsf.jar;D:\Workspace\apache-ant-1.9.7\lib\ant-apache-log4j.jar;D:\Workspace\apache-ant-1.9.7\lib\ant-apache-oro.jar;D:\Workspace\apache-ant-1.9.7\lib\ant-apache-regexp.jar;D:\Workspace\apache-ant-1.9.7\lib\ant-apache-resolver.jar;D:\Workspace\apache-ant-1.9.7\lib\ant-apache-xalan2.jar;D:\Workspace\apache-ant-1.9.7\lib\ant-commons-logging.jar;D:\Workspace\apache-ant-1.9.7\lib\ant-commons-net.jar;D:\Workspace\apache-ant-1.9.7\lib\ant-jai.jar;D:\Workspace\apache-ant-1.9.7\lib\ant-javamail.jar;D:\Workspace\apache-ant-1.9.7\lib\ant-jdepend.jar;D:\Workspace\apache-ant-1.9.7\lib\ant-jmf.jar;D:\Workspace\apache-ant-1.9.7\lib\ant-jsch.jar;D:\Workspace\apache-ant-1.9.7\lib\ant-junit.jar;D:\Workspace\apache-ant-1.9.7\lib\ant-junit4.jar;D:\Workspace\apache-ant-1.9.7\lib\ant-launcher.jar;D:\Workspace\apache-ant-1.9.7\lib\ant-netrexx.jar;D:\Workspace\apache-ant-1.9.7\lib\ant-swing.jar;D:\Workspace\apache-ant-1.9.7\lib\ant-testutil.jar;D:\Workspace\apache-ant-1.9.7\lib\ant.jar;C:\Program Files\Java\jdk1.8.0_101\lib\tools.jar" />
    <property name="ivy.home" value="C:\Users\Baptiste\.ivy2" />
    <property name="java.vm.specification.vendor.ivy.instance" value="Oracle Corporation" />
    <property name="sun.os.patch.level" value="" />
    <property name="ivy.dep.file" value="ivy.xml" />
    <property name="java.vendor.url" value="http://java.oracle.com/" />
    <property name="ivy.local.default.artifact.pattern.ivy.instance" value="[organisation]/[module]/[revision]/[type]s/[artifact].[ext]" />
    <property name="ivy.lib.dir.ivy.instance" value="D:\Workspace\IntelliJ\WebSocketPalette/lib" />
    <property name="java.version" value="1.8.0_101" />
    <property name="sun.stdout.encoding" value="cp437" />
    <property name="ivy.conf.dir.ivy.instance" value="jar:file:/C:/Users/Baptiste/.ant/lib/ivy.jar!/org/apache/ivy/core/settings" />
    <property name="build.dir.src" value="src" />
    <property name="sun.boot.library.path.ivy.instance" value="C:\Program Files\Java\jdk1.8.0_101\jre\bin" />
    <property name="ivy.report.output.pattern.ivy.instance" value="[organisation]-[module]-[conf].[ext]" />
    <property name="ivy.module" value="" />
    <property name="ivy.publish.src.artifacts.pattern.ivy.instance" value="D:\Workspace\IntelliJ\WebSocketPalette/distrib/[type]s/[artifact]-[revision](-[classifier]).[ext]" />
    <property name="build.jar.withsrc" value="false" />
    <property name="java.vendor.url.bug" value="http://bugreport.sun.com/bugreport/" />
    <property name="sun.management.compiler.ivy.instance" value="HotSpot 64-Bit Tiered Compilers" />
    <property name="skip.tests" value="true" />
    <property name="ant.project.invoked-targets" value="test" />
    <property name="ivy.local.default.artifact.pattern" value="[organisation]/[module]/[revision]/[type]s/[artifact].[ext]" />
    <property name="os.name.ivy.instance" value="Windows 10" />
    <property name="ivy.default.ivy.user.dir.ivy.instance" value="C:\Users\Baptiste\.ivy2" />
    <property name="ivy.default.always.check.exact.revision" value="false" />
    <property name="ivy.default.settings.dir.ivy.instance" value="jar:file:/C:/Users/Baptiste/.ant/lib/ivy.jar!/org/apache/ivy/core/settings" />
    <property name="user.name" value="Baptiste" />
    <property name="sun.io.unicode.encoding" value="UnicodeLittle" />
    <property name="ivy.shared.default.root.ivy.instance" value="C:\Users\Baptiste\.ivy2/shared" />
    <property name="build.name" value="WebSocket" />
    <property name="sun.jnu.encoding" value="Cp1252" />
    <property name="java.runtime.name" value="Java(TM) SE Runtime Environment" />
    <property name="ant.home.ivy.instance" value="D:\Workspace\apache-ant-1.9.7\bin\.." />
    <property name="file.encoding.ivy.instance" value="Cp1252" />
    <property name="ivy.cache.ttl.default.ivy.instance" value="10s" />
    <property name="java.specification.vendor.ivy.instance" value="Oracle Corporation" />
    <property name="java.vendor.ivy.instance" value="Oracle Corporation" />
    <property name="sun.cpu.isalist.ivy.instance" value="amd64" />
    <property name="java.specification.name" value="Java Platform API Specification" />
    <property name="user.timezone" value="" />
    <property name="java.endorsed.dirs.ivy.instance" value="C:\Program Files\Java\jdk1.8.0_101\jre\lib\endorsed" />
    <property name="user.script" value="" />
    <property name="path.separator" value=";" />
    <property name="java.class.version.ivy.instance" value="52.0" />
    <property name="ivy.default.conf.dir" value="jar:file:/C:/Users/Baptiste/.ant/lib/ivy.jar!/org/apache/ivy/core/settings" />
    <property name="file.encoding" value="Cp1252" />
    <property name="java.runtime.name.ivy.instance" value="Java(TM) SE Runtime Environment" />
    <property name="build.dir.release" value="release" />
    <property name="ivy.resolve.default.type.filter.ivy.instance" value="*" />
    <property name="ant.project.default-target" value="jar" />
    <property name="ivy.parents.count" value="0" />
    <property name="sun.java.command" value="org.apache.tools.ant.taskdefs.optional.junit.JUnitTestRunner ca.uqac.liara.WebSocketTest skipNonTests=false filtertrace=true haltOnError=false haltOnFailure=false formatter=org.apache.tools.ant.taskdefs.optional.junit.SummaryJUnitResultFormatter showoutput=false outputtoformatters=true logfailedtests=true threadid=0 logtestlistenerevents=false formatter=org.apache.tools.ant.taskdefs.optional.junit.BriefJUnitResultFormatter formatter=org.apache.tools.ant.taskdefs.optional.junit.XMLJUnitResultFormatter,D:\Workspace\IntelliJ\WebSocketPalette\tests\report\TEST-ca.uqac.liara.WebSocketTest.xml crashfile=D:\Workspace\IntelliJ\WebSocketPalette\junitvmwatcher4462779839541614667.properties propsfile=D:\Workspace\IntelliJ\WebSocketPalette\junit2129751955207579734.properties" />
    <property name="ivy.shared.default.artifact.pattern" value="[organisation]/[module]/[revision]/[type]s/[artifact].[ext]" />
    <property name="ant.file" value="D:\Workspace\IntelliJ\WebSocketPalette\build.xml" />
    <property name="ivy.distrib.dir.ivy.instance" value="D:\Workspace\IntelliJ\WebSocketPalette/distrib" />
    <property name="ivy.checksums.ivy.instance" value="sha1,md5" />
    <property name="scriptversion" value="0.2" />
    <property name="sun.arch.data.model.ivy.instance" value="64" />
    <property name="build.dir.test.report" value="tests/report" />
    <property name="ivy.build.artifacts.dir.ivy.instance" value="D:\Workspace\IntelliJ\WebSocketPalette/build/artifacts" />
    <property name="build.dir.test.src" value="tests/src" />
    <property name="user.variant.ivy.instance" value="" />
    <property name="ivy.settings.file" value="ivysettings.xml" />
    <property name="java.io.tmpdir" value="C:\Users\Baptiste\AppData\Local\Temp\" />
    <property name="ivy.buildlist.ivyfilepath.ivy.instance" value="ivy.xml" />
    <property name="ivy.cache.ttl.default" value="10s" />
    <property name="user.language" value="en" />
    <property name="user.dir.ivy.instance" value="D:\Workspace\IntelliJ\WebSocketPalette" />
    <property name="ivy.home.ivy.instance" value="C:\Users\Baptiste\.ivy2" />
    <property name="line.separator" value="&#xd;&#xa;" />
    <property name="build.bindir" value="bin" />
    <property name="java.specification.version.ivy.instance" value="1.8" />
    <property name="ant.file.type" value="file" />
    <property name="ivy.build.artifacts.dir" value="D:\Workspace\IntelliJ\WebSocketPalette/build/artifacts" />
    <property name="ivy.settings.dir.url" value="jar:file:/C:/Users/Baptiste/.ant/lib/ivy.jar!/org/apache/ivy/core/settings" />
    <property name="sun.io.unicode.encoding.ivy.instance" value="UnicodeLittle" />
    <property name="ivy.status" value="integration" />
    <property name="java.vm.info" value="mixed mode" />
    <property name="ivy.lib.dir" value="D:\Workspace\IntelliJ\WebSocketPalette/lib" />
    <property name="sun.desktop" value="windows" />
    <property name="java.vm.specification.name" value="Java Virtual Machine Specification" />
    <property name="ivy.default.conf.dir.ivy.instance" value="jar:file:/C:/Users/Baptiste/.ant/lib/ivy.jar!/org/apache/ivy/core/settings" />
    <property name="java.vm.version.ivy.instance" value="25.101-b13" />
    <property name="build.dir.lib" value="lib" />
    <property name="user.name.ivy.instance" value="Baptiste" />
    <property name="ivy.cache.dir" value="C:\Users\Baptiste\.ivy2\cache" />
    <property name="java.awt.printerjob" value="sun.awt.windows.WPrinterJob" />
    <property name="java.io.tmpdir.ivy.instance" value="C:\Users\Baptiste\AppData\Local\Temp\" />
    <property name="ant.version" value="Apache Ant(TM) version 1.9.7 compiled on April 9 2016" />
    <property name="java.home.ivy.instance" value="C:\Program Files\Java\jdk1.8.0_101\jre" />
    <property name="java.vm.vendor.ivy.instance" value="Oracle Corporation" />
    <property name="build.dir.bin" value="bin" />
    <property name="build.jar.withdeps" value="true" />
    <property name="user.script.ivy.instance" value="" />
    <property name="ivy.default.settings.dir" value="jar:file:/C:/Users/Baptiste/.ant/lib/ivy.jar!/org/apache/ivy/core/settings" />
    <property name="ivy.configurations" value="*" />
    <property name="ivy.settings.url" value="jar:file:/C:/Users/Baptiste/.ant/lib/ivy.jar!/org/apache/ivy/core/settings/ivysettings.xml" />
    <property name="os.name" value="Windows 10" />
    <property name="java.specification.vendor" value="Oracle Corporation" />
    <property name="sun.jnu.encoding.ivy.instance" value="Cp1252" />
    <property name="ivy.deliver.ivy.pattern.ivy.instance" value="D:\Workspace\IntelliJ\WebSocketPalette/distrib/[type]s/[artifact]-[revision](-[classifier]).[ext]" />
    <property name="ivy.checksums" value="sha1,md5" />
    <property name="java.vm.name" value="Java HotSpot(TM) 64-Bit Server VM" />
    <property name="ivy.log.modules.in.use" value="false" />
    <property name="java.runtime.version.ivy.instance" value="1.8.0_101-b13" />
    <property name="ivy.report.output.pattern" value="[organisation]-[module]-[conf].[ext]" />
    <property name="ivy.version" value="2.4.0-rc1" />
    <property name="java.library.path" value="C:\Program Files\Java\jdk1.8.0_101\jre\bin;C:\WINDOWS\Sun\Java\bin;C:\WINDOWS\system32;C:\WINDOWS;C:\ProgramData\Oracle\Java\javapath;C:\Python34\;C:\Python34\Scripts;C:\WINDOWS\system32;C:\WINDOWS;C:\WINDOWS\System32\Wbem;C:\WINDOWS\System32\WindowsPowerShell\v1.0\;C:\Program Files (x86)\Skype\Phone\;C:\Program Files (x86)\NVIDIA Corporation\PhysX\Common;C:\Program Files (x86)\Druide\Antidote 9\Application\Bin64\;C:\Program Files (x86)\Druide\Antidote 9\Application\Bin32\;C:\WINDOWS\system32\config\systemprofile\.dnx\bin;C:\Program Files\Microsoft DNX\Dnvm\;C:\Program Files (x86)\Windows Kits\8.1\Windows Performance Toolkit\;C:\Program Files\Microsoft SQL Server\120\Tools\Binn\;C:\Program Files\OpenVPN\bin;C:\Particle\Toolchain\Make\bin;C:\Particle\Toolchain\MinGW;C:\Particle\Toolchain\MinGW\msys\1.0\bin;C:\Particle\Toolchain\5.3 2016q1\bin;C:\Particle\Tools\dfu-util-0.8-binaries\win32-mingw32;C:\Program Files\nodejs\;C:\Program Files\Microsoft SQL Server\130\Tools\Binn\;C:\Program Files\Git\cmd;C:\Program Files\Oracle\VirtualBox;C:\HashiCorp\Vagrant\bin;C:\Program Files\Java\jdk1.8.0_101\bin;D:\Workspace\apache-ant-1.9.7\bin;C:\Particle\Tools\dfu-util-0.8-binaries\win32-mingw32;C:\Users\Baptiste\AppData\Roaming\npm;C:\Users\Baptiste\AppData\Local\Microsoft\WindowsApps;C:\Program Files\Oracle\VirtualBox;C:\Program Files (x86)\GnuWin32\bin;C:\Program Files\Java\jdk1.8.0_101\bin;D:\Workspace\apache-ant-1.9.7\bin;;." />
    <property name="ivy.conf.url" value="jar:file:/C:/Users/Baptiste/.ant/lib/ivy.jar!/org/apache/ivy/core/settings/ivysettings.xml" />
    <property name="java.vm.name.ivy.instance" value="Java HotSpot(TM) 64-Bit Server VM" />
    <property name="build.author" value="Baptiste Lemarcis" />
    <property name="os.version.ivy.instance" value="10.0" />
    <property name="line.separator.ivy.instance" value="&#xd;&#xa;" />
    <property name="build.mainclass" value="ca.uqac.liara.PluginInitializer" />
    <property name="ant.java.version" value="1.8" />
    <property name="sun.desktop.ivy.instance" value="windows" />
    <property name="sun.cpu.endian.ivy.instance" value="little" />
    <property name="java.vm.specification.name.ivy.instance" value="Java Virtual Machine Specification" />
    <property name="basedir" value="D:\Workspace\IntelliJ\WebSocketPalette" />
    <property name="java.class.version" value="52.0" />
    <property name="ivy.settings.url.ivy.instance" value="jar:file:/C:/Users/Baptiste/.ant/lib/ivy.jar!/org/apache/ivy/core/settings/ivysettings.xml" />
    <property name="path.separator.ivy.instance" value=";" />
    <property name="sun.boot.class.path.ivy.instance" value="C:\Program Files\Java\jdk1.8.0_101\jre\lib\resources.jar;C:\Program Files\Java\jdk1.8.0_101\jre\lib\rt.jar;C:\Program Files\Java\jdk1.8.0_101\jre\lib\sunrsasign.jar;C:\Program Files\Java\jdk1.8.0_101\jre\lib\jsse.jar;C:\Program Files\Java\jdk1.8.0_101\jre\lib\jce.jar;C:\Program Files\Java\jdk1.8.0_101\jre\lib\charsets.jar;C:\Program Files\Java\jdk1.8.0_101\jre\lib\jfr.jar;C:\Program Files\Java\jdk1.8.0_101\jre\classes" />
    <property name="ant.home" value="D:\Workspace\apache-ant-1.9.7\bin\.." />
    <property name="ivy.resolved.configurations" value="default" />
    <property name="ivy.deliver.ivy.pattern" value="D:\Workspace\IntelliJ\WebSocketPalette/distrib/[type]s/[artifact]-[revision](-[classifier]).[ext]" />
    <property name="sun.boot.library.path" value="C:\Program Files\Java\jdk1.8.0_101\jre\bin" />
    <property name="ivy.default.always.check.exact.revision.ivy.instance" value="false" />
    <property name="java.library.path.ivy.instance" value="C:\Program Files\Java\jdk1.8.0_101\bin;C:\WINDOWS\Sun\Java\bin;C:\WINDOWS\system32;C:\WINDOWS;C:\ProgramData\Oracle\Java\javapath;C:\Python34\;C:\Python34\Scripts;C:\WINDOWS\system32;C:\WINDOWS;C:\WINDOWS\System32\Wbem;C:\WINDOWS\System32\WindowsPowerShell\v1.0\;C:\Program Files (x86)\Skype\Phone\;C:\Program Files (x86)\NVIDIA Corporation\PhysX\Common;C:\Program Files (x86)\Druide\Antidote 9\Application\Bin64\;C:\Program Files (x86)\Druide\Antidote 9\Application\Bin32\;C:\WINDOWS\system32\config\systemprofile\.dnx\bin;C:\Program Files\Microsoft DNX\Dnvm\;C:\Program Files (x86)\Windows Kits\8.1\Windows Performance Toolkit\;C:\Program Files\Microsoft SQL Server\120\Tools\Binn\;C:\Program Files\OpenVPN\bin;C:\Particle\Toolchain\Make\bin;C:\Particle\Toolchain\MinGW;C:\Particle\Toolchain\MinGW\msys\1.0\bin;C:\Particle\Toolchain\5.3 2016q1\bin;C:\Particle\Tools\dfu-util-0.8-binaries\win32-mingw32;C:\Program Files\nodejs\;C:\Program Files\Microsoft SQL Server\130\Tools\Binn\;C:\Program Files\Git\cmd;C:\Program Files\Oracle\VirtualBox;C:\HashiCorp\Vagrant\bin;C:\Program Files\Java\jdk1.8.0_101\bin;D:\Workspace\apache-ant-1.9.7\bin;C:\Particle\Tools\dfu-util-0.8-binaries\win32-mingw32;C:\Users\Baptiste\AppData\Roaming\npm;C:\Users\Baptiste\AppData\Local\Microsoft\WindowsApps;C:\Program Files\Oracle\VirtualBox;C:\Program Files (x86)\GnuWin32\bin;C:\Program Files\Java\jdk1.8.0_101\bin;D:\Workspace\apache-ant-1.9.7\bin;;." />
    <property name="awt.toolkit.ivy.instance" value="sun.awt.windows.WToolkit" />
    <property name="sun.management.compiler" value="HotSpot 64-Bit Tiered Compilers" />
    <property name="ivy.basedir" value="D:\Workspace\IntelliJ\WebSocketPalette" />
    <property name="user.variant" value="" />
    <property name="java.awt.graphicsenv" value="sun.awt.Win32GraphicsEnvironment" />
    <property name="java.ext.dirs.ivy.instance" value="C:\Program Files\Java\jdk1.8.0_101\jre\lib\ext;C:\WINDOWS\Sun\Java\lib\ext" />
    <property name="ivy.log.modules.in.use.ivy.instance" value="false" />
    <property name="ivy.settings.dir.url.ivy.instance" value="jar:file:/C:/Users/Baptiste/.ant/lib/ivy.jar!/org/apache/ivy/core/settings" />
    <property name="build.dir.test.bin" value="tests/bin" />
    <property name="sun.os.patch.level.ivy.instance" value="" />
    <property name="file.encoding.pkg.ivy.instance" value="sun.io" />
    <property name="ivy.resolver.default.check.modified" value="false" />
    <property name="ivy.shared.default.ivy.pattern" value="[organisation]/[module]/[revision]/[type]s/[artifact].[ext]" />
    <property name="ivy.settings.file.ivy.instance" value="ivysettings.xml" />
    <property name="ant.project.name" value="WebSocketPalette" />
    <property name="ivy.cache.dir.ivy.instance" value="C:\Users\Baptiste\.ivy2\cache" />
    <property name="java.vm.specification.version" value="1.8" />
    <property name="ivy.status.ivy.instance" value="integration" />
    <property name="awt.toolkit" value="sun.awt.windows.WToolkit" />
    <property name="sun.cpu.isalist" value="amd64" />
    <property name="sun.stderr.encoding" value="cp437" />
    <property name="file.separator.ivy.instance" value="\" />
    <property name="java.ext.dirs" value="C:\Program Files\Java\jdk1.8.0_101\jre\lib\ext;C:\WINDOWS\Sun\Java\lib\ext" />
    <property name="ivy.local.default.root.ivy.instance" value="C:\Users\Baptiste\.ivy2/local" />
    <property name="ivy.deps.changed" value="false" />
    <property name="os.version" value="10.0" />
    <property name="user.home" value="C:\Users\Baptiste" />
    <property name="sun.java.launcher.ivy.instance" value="SUN_STANDARD" />
    <property name="java.vm.vendor" value="Oracle Corporation" />
    <property name="ivy.local.default.root" value="C:\Users\Baptiste\.ivy2/local" />
    <property name="ivy.organisation" value="" />
    <property name="user.dir" value="D:\Workspace\IntelliJ\WebSocketPalette" />
    <property name="ant.library.dir.ivy.instance" value="D:\Workspace\apache-ant-1.9.7\lib" />
    <property name="build.dir.dep" value="dep" />
    <property name="ivy.local.default.ivy.pattern" value="[organisation]/[module]/[revision]/[type]s/[artifact].[ext]" />
    <property name="ivy.shared.default.ivy.pattern.ivy.instance" value="[organisation]/[module]/[revision]/[type]s/[artifact].[ext]" />
    <property name="java.vm.info.ivy.instance" value="mixed mode" />
    <property name="ivy.publish.src.artifacts.pattern" value="D:\Workspace\IntelliJ\WebSocketPalette/distrib/[type]s/[artifact]-[revision](-[classifier]).[ext]" />
    <property name="sun.java.command.ivy.instance" value="org.apache.tools.ant.launch.Launcher test" />
    <property name="build.srcdir" value="src" />
    <property name="ivy.distrib.dir" value="D:\Workspace\IntelliJ\WebSocketPalette/distrib" />
    <property name="sun.cpu.endian" value="little" />
    <property name="ivy.revision" value="working@LIARA-9" />
    <property name="ant.file.WebSocketPalette" value="D:\Workspace\IntelliJ\WebSocketPalette\build.xml" />
    <property name="user.timezone.ivy.instance" value="America/New_York" />
    <property name="java.vm.version" value="25.101-b13" />
    <property name="java.class.path" value="D:\Workspace\IntelliJ\WebSocketPalette\tests\bin;C:\Users\Baptiste\.ivy2\cache\org.java-websocket\Java-WebSocket\jars\Java-WebSocket-1.3.0.jar;D:\Workspace\IntelliJ\WebSocketPalette\dep\Java-WebSocket-1.3.0.jar;D:\Workspace\IntelliJ\WebSocketPalette\lib\beepbeep-3.jar;D:\Workspace\IntelliJ\WebSocketPalette\lib\bullwinkle.jar;D:\Workspace\IntelliJ\WebSocketPalette\lib\hamcrest-core-1.3.jar;D:\Workspace\IntelliJ\WebSocketPalette\lib\junit-4.12.jar;D:\Workspace\IntelliJ\WebSocketPalette\bin;D:\Workspace\apache-ant-1.9.7\lib\ant-launcher.jar;D:\Workspace\apache-ant-1.9.7\lib\ant.jar;D:\Workspace\apache-ant-1.9.7\lib\ant-junit.jar;D:\Workspace\apache-ant-1.9.7\lib\ant-junit4.jar" />
    <property name="ivy.default.ivy.user.dir" value="C:\Users\Baptiste\.ivy2" />
    <property name="sun.stderr.encoding.ivy.instance" value="cp437" />
    <property name="user.home.ivy.instance" value="C:\Users\Baptiste" />
    <property name="basedir.ivy.instance" value="D:\Workspace\IntelliJ\WebSocketPalette" />
    <property name="ant.library.dir" value="D:\Workspace\apache-ant-1.9.7\lib" />
    <property name="os.arch" value="amd64" />
    <property name="java.awt.graphicsenv.ivy.instance" value="sun.awt.Win32GraphicsEnvironment" />
    <property name="java.vendor.url.bug.ivy.instance" value="http://bugreport.sun.com/bugreport/" />
    <property name="java.vm.specification.version.ivy.instance" value="1.8" />
    <property name="sun.java.launcher" value="SUN_STANDARD" />
    <property name="java.awt.printerjob.ivy.instance" value="sun.awt.windows.WPrinterJob" />
    <property name="ivy.settings.dir.ivy.instance" value="jar:file:/C:/Users/Baptiste/.ant/lib/ivy.jar!/org/apache/ivy/core/settings" />
    <property name="ivy.resolver.default.check.modified.ivy.instance" value="false" />
    <property name="ant.core.lib" value="D:\Workspace\apache-ant-1.9.7\lib\ant.jar" />
    <property name="java.vm.specification.vendor" value="Oracle Corporation" />
    <property name="ivy.settings.dir" value="jar:file:/C:/Users/Baptiste/.ant/lib/ivy.jar!/org/apache/ivy/core/settings" />
    <property name="user.language.ivy.instance" value="en" />
    <property name="build.version" value="0.1-alpha" />
    <property name="file.separator" value="\" />
    <property name="ivy.shared.default.artifact.pattern.ivy.instance" value="[organisation]/[module]/[revision]/[type]s/[artifact].[ext]" />
    <property name="user.country.ivy.instance" value="US" />
    <property name="ivy.conf.url.ivy.instance" value="jar:file:/C:/Users/Baptiste/.ant/lib/ivy.jar!/org/apache/ivy/core/settings/ivysettings.xml" />
    <property name="java.runtime.version" value="1.8.0_101-b13" />
    <property name="java.specification.name.ivy.instance" value="Java Platform API Specification" />
    <property name="sun.boot.class.path" value="C:\Program Files\Java\jdk1.8.0_101\jre\lib\resources.jar;C:\Program Files\Java\jdk1.8.0_101\jre\lib\rt.jar;C:\Program Files\Java\jdk1.8.0_101\jre\lib\sunrsasign.jar;C:\Program Files\Java\jdk1.8.0_101\jre\lib\jsse.jar;C:\Program Files\Java\jdk1.8.0_101\jre\lib\jce.jar;C:\Program Files\Java\jdk1.8.0_101\jre\lib\charsets.jar;C:\Program Files\Java\jdk1.8.0_101\jre\lib\jfr.jar;C:\Program Files\Java\jdk1.8.0_101\jre\classes" />
    <property name="ivy.installed" value="true" />
    <property name="ivy.conf.dir" value="jar:file:/C:/Users/Baptiste/.ant/lib/ivy.jar!/org/apache/ivy/core/settings" />
    <property name="ivy.retrieve.pattern" value="D:\Workspace\IntelliJ\WebSocketPalette/lib/[artifact]-[revision](-[classifier]).[ext]" />
    <property name="user.country" value="US" />
    <property name="ivy.shared.default.root" value="C:\Users\Baptiste\.ivy2/shared" />
    <property name="ant.file.type.WebSocketPalette" value="file" />
    <property name="java.version.ivy.instance" value="1.8.0_101" />
    <property name="sun.stdout.encoding.ivy.instance" value="cp437" />
    <property name="os.arch.ivy.instance" value="amd64" />
    <property name="java.vendor" value="Oracle Corporation" />
    <property name="ivy.project.dir" value="D:\Workspace\IntelliJ\WebSocketPalette" />
    <property name="java.specification.version" value="1.8" />
    <property name="sun.arch.data.model" value="64" />
    <property name="ivy.buildlist.ivyfilepath" value="ivy.xml" />
  </properties>
  <testcase classname="ca.uqac.liara.WebSocketTest" name="testRead1" time="0.143" />
  <system-out><![CDATA[open
error
close
]]></system-out>
  <system-err><![CDATA[Exception in thread "Thread-9" org.java_websocket.exceptions.WebsocketNotConnectedException
	at org.java_websocket.WebSocketImpl.send(WebSocketImpl.java:566)
	at org.java_websocket.WebSocketImpl.send(WebSocketImpl.java:543)
	at ca.uqac.liara.Server.sendToAll(Unknown Source)
	at ca.uqac.liara.WebSocketWriter.compute(Unknown Source)
	at ca.uqac.liara.WebSocketWriter.run(Unknown Source)
	at java.lang.Thread.run(Thread.java:745)
]]></system-err>
</testsuite>
